<?xml version="1.0" encoding="UTF-8"?>
<robot generator="Robot 7.4.2 (Python 3.14.4 on win32)" generated="2026-05-19T17:07:58.979239" rpa="false" schemaversion="5">
<suite id="s1" name="REDMINE TEST" source="D:\Cours SQL\session 3\420-L14-BB TECHNIQUES D'AUTOMATISATION DE TESTS\REDMINE_TEST">
<suite id="s1-s1" name="Scripts" source="D:\Cours SQL\session 3\420-L14-BB TECHNIQUES D'AUTOMATISATION DE TESTS\REDMINE_TEST\Scripts">
<suite id="s1-s1-s1" name="CreateDeleteAnnouncement" source="D:\Cours SQL\session 3\420-L14-BB TECHNIQUES D'AUTOMATISATION DE TESTS\REDMINE_TEST\Scripts\CreateDeleteAnnouncement.robot">
<test id="s1-s1-s1-t1" name="Create And Delete Announcement" line="19">
<kw name="Login" owner="Keywords">
<kw name="Open Browser" owner="SeleniumLibrary">
<msg time="2026-05-19T17:08:00.654126" level="INFO">Opening browser 'Chrome' to base url 'http://localhost:8083/login'.</msg>
<msg time="2026-05-19T17:08:01.678622" level="WARN">The chromedriver version (147.0.7727.57) detected in PATH at C:\Program Files\Python314\Scripts\chromedriver.exe might not be compatible with the detected chrome version (148.0.7778.168); currently, chromedriver 148.0.7778.167 is recommended for chrome 148.*, so it is advised to delete the driver in PATH and retry</msg>
<arg>${vURL}/login</arg>
<arg>${vBrowser}</arg>
<doc>Opens a new browser instance to the optional ``url``.</doc>
<status status="PASS" start="2026-05-19T17:08:00.651839" elapsed="8.123123"/>
</kw>
<kw name="Maximize Browser Window" owner="SeleniumLibrary">
<doc>Maximizes current browser window.</doc>
<status status="PASS" start="2026-05-19T17:08:08.776696" elapsed="0.422487"/>
</kw>
<kw name="Input Text" owner="SeleniumLibrary">
<msg time="2026-05-19T17:08:09.207521" level="INFO">Typing text '6402910' into text field '//*[@id='username']'.</msg>
<arg>${input_Username}</arg>
<arg>${vUsername}</arg>
<doc>Types the given ``text`` into the text field identified by ``locator``.</doc>
<status status="PASS" start="2026-05-19T17:08:09.202162" elapsed="2.957056"/>
</kw>
<kw name="Input Text" owner="SeleniumLibrary">
<msg time="2026-05-19T17:08:12.165624" level="INFO">Typing text '6402910' into text field '//*[@id='password']'.</msg>
<arg>${input_Password}</arg>
<arg>${vPassword}</arg>
<doc>Types the given ``text`` into the text field identified by ``locator``.</doc>
<status status="PASS" start="2026-05-19T17:08:12.160954" elapsed="1.979236"/>
</kw>
<kw name="Click Element" owner="SeleniumLibrary">
<msg time="2026-05-19T17:08:14.143512" level="INFO">Clicking element '//*[@id='login-submit']'.</msg>
<arg>${input_Submit}</arg>
<doc>Click the element identified by ``locator``.</doc>
<status status="PASS" start="2026-05-19T17:08:14.141560" elapsed="4.020632"/>
</kw>
<kw name="Wait Until Page Contains" owner="SeleniumLibrary">
<arg>Ma page - Redmine</arg>
<arg>5s</arg>
<doc>Waits until ``text`` appears on the current page.</doc>
<status status="PASS" start="2026-05-19T17:08:18.164195" elapsed="0.297412"/>
</kw>
<kw name="Element Text Should Be" owner="SeleniumLibrary">
<msg time="2026-05-19T17:08:18.465239" level="INFO">Verifying element '//*[@id='loggedas']/a' contains exact text '6402910'.</msg>
<arg>${link_Username}</arg>
<arg>${vUsername}</arg>
<doc>Verifies that element ``locator`` contains exact the text ``expected``.</doc>
<status status="PASS" start="2026-05-19T17:08:18.462867" elapsed="0.261730"/>
</kw>
<arg>${vURL}</arg>
<arg>${vBrowser}</arg>
<arg>${vUsername}</arg>
<arg>${vPassword}</arg>
<status status="PASS" start="2026-05-19T17:08:00.644269" elapsed="18.081353"/>
</kw>
<kw name="CreateAnnouncement" owner="Keywords">
<kw name="Go To" owner="SeleniumLibrary">
<msg time="2026-05-19T17:08:18.734306" level="INFO">Opening url 'http://localhost:8083/projects/6402910'</msg>
<arg>${vURL}/projects/${vProject}</arg>
<doc>Navigates the current browser window to the provided ``url``.</doc>
<status status="PASS" start="2026-05-19T17:08:18.732420" elapsed="0.229627"/>
</kw>
<kw name="Click Element" owner="SeleniumLibrary">
<msg time="2026-05-19T17:08:18.966269" level="INFO">Clicking element '//a[text()='Annonces']'.</msg>
<arg>${link_News}</arg>
<doc>Click the element identified by ``locator``.</doc>
<status status="PASS" start="2026-05-19T17:08:18.964159" elapsed="2.219521"/>
</kw>
<kw name="Click Element" owner="SeleniumLibrary">
<msg time="2026-05-19T17:08:21.187909" level="INFO">Clicking element '//*[@id='content']/div[1]/a'.</msg>
<arg>${link_NewAnnouncement}</arg>
<doc>Click the element identified by ``locator``.</doc>
<status status="PASS" start="2026-05-19T17:08:21.185315" elapsed="1.102072"/>
</kw>
<kw name="Input Text" owner="SeleniumLibrary">
<msg time="2026-05-19T17:08:22.291935" level="INFO">Typing text '6402910' into text field '//*[@id='news_title']'.</msg>
<arg>${input_AnnouncementTitle}</arg>
<arg>${vTitle}</arg>
<doc>Types the given ``text`` into the text field identified by ``locator``.</doc>
<status status="PASS" start="2026-05-19T17:08:22.288865" elapsed="1.322168"/>
</kw>
<kw name="Input Text" owner="SeleniumLibrary">
<msg time="2026-05-19T17:08:23.615662" level="INFO">Typing text 'Examen intra' into text field '//*[@id='news_summary']'.</msg>
<arg>${input_AnnouncementSummary}</arg>
<arg>${vSummary}</arg>
<doc>Types the given ``text`` into the text field identified by ``locator``.</doc>
<status status="PASS" start="2026-05-19T17:08:23.612457" elapsed="0.896464"/>
</kw>
<kw name="Input Text" owner="SeleniumLibrary">
<msg time="2026-05-19T17:08:24.513773" level="INFO">Typing text 'Examen intra' into text field '//*[@id='news_description']'.</msg>
<arg>${input_AnnouncementDescription}</arg>
<arg>${vDescription}</arg>
<doc>Types the given ``text`` into the text field identified by ``locator``.</doc>
<status status="PASS" start="2026-05-19T17:08:24.510493" elapsed="2.004293"/>
</kw>
<kw name="Click Element" owner="SeleniumLibrary">
<msg time="2026-05-19T17:08:26.520055" level="INFO">Clicking element '//*[@id='news-form']/input[3]'.</msg>
<arg>${input_CreateAnnouncement}</arg>
<doc>Click the element identified by ``locator``.</doc>
<status status="PASS" start="2026-05-19T17:08:26.516881" elapsed="1.578016"/>
</kw>
<kw name="Wait Until Element Is Visible" owner="SeleniumLibrary">
<arg>${message_Success}</arg>
<arg>5s</arg>
<doc>Waits until the element ``locator`` is visible.</doc>
<status status="PASS" start="2026-05-19T17:08:28.097396" elapsed="1.643456"/>
</kw>
<kw name="Element Text Should Be" owner="SeleniumLibrary">
<msg time="2026-05-19T17:08:29.745581" level="INFO">Verifying element '//*[@id='flash_notice']' contains exact text 'Création effectuée avec succès.'.</msg>
<arg>${message_Success}</arg>
<arg>Création effectuée avec succès.</arg>
<doc>Verifies that element ``locator`` contains exact the text ``expected``.</doc>
<status status="PASS" start="2026-05-19T17:08:29.742695" elapsed="0.699793"/>
</kw>
<arg>${vURL}</arg>
<arg>${vProject}</arg>
<arg>${vTitle}</arg>
<arg>${vSummary}</arg>
<arg>${vDescription}</arg>
<status status="PASS" start="2026-05-19T17:08:18.728489" elapsed="11.715110"/>
</kw>
<kw name="DeleteAnnouncement" owner="Keywords">
<kw name="Go To" owner="SeleniumLibrary">
<msg time="2026-05-19T17:08:30.468101" level="INFO">Opening url 'http://localhost:8083/projects/6402910'</msg>
<arg>${vURL}/projects/${vProject}</arg>
<doc>Navigates the current browser window to the provided ``url``.</doc>
<status status="PASS" start="2026-05-19T17:08:30.466008" elapsed="0.500575"/>
</kw>
<kw name="Click Element" owner="SeleniumLibrary">
<msg time="2026-05-19T17:08:30.971649" level="INFO">Clicking element '//a[text()='Annonces']'.</msg>
<arg>${link_News}</arg>
<doc>Click the element identified by ``locator``.</doc>
<status status="PASS" start="2026-05-19T17:08:30.969721" elapsed="2.592687"/>
</kw>
<kw name="Click Link" owner="SeleniumLibrary">
<msg time="2026-05-19T17:08:33.568479" level="INFO">Clicking link '6402910'.</msg>
<msg time="2026-05-19T17:08:35.505923" level="INFO" html="true">&lt;/td&gt;&lt;/tr&gt;&lt;tr&gt;&lt;td colspan="3"&gt;&lt;a href="selenium-screenshot-12.png"&gt;&lt;img src="selenium-screenshot-12.png" width="800px"&gt;&lt;/a&gt;</msg>
<msg time="2026-05-19T17:08:35.507955" level="FAIL">ElementNotInteractableException: Message: element not interactable
  (Session info: chrome=148.0.7778.168); For documentation on this error, please visit: https://www.selenium.dev/documentation/webdriver/troubleshooting/errors#elementnotinteractableexception
Stacktrace:
	chromedriver!GetHandleVerifier [0x7ff748d10245+146d5]
	chromedriver!GetHandleVerifier [0x7ff748d102b0+14740]
	chromedriver!(No symbol) [0x7ff748a7d5b6]
	chromedriver!(No symbol) [0x7ff748ad81f4]
	chromedriver!(No symbol) [0x7ff748acb106]
	chromedriver!(No symbol) [0x7ff748afff6a]
	chromedriver!(No symbol) [0x7ff748aca986]
	chromedriver!(No symbol) [0x7ff748b24818]
	chromedriver!(No symbol) [0x7ff748ac9018]
	chromedriver!(No symbol) [0x7ff748ac9f03]
	chromedriver!GetHandleVerifier [0x7ff7490258f9+329d89]
	chromedriver!GetHandleVerifier [0x7ff74901fe46+3242d6]
	chromedriver!GetHandleVerifier [0x7ff7490430b2+347542]
	chromedriver!GetHandleVerifier [0x7ff748d2d3d5+31865]
	chromedriver!GetHandleVerifier [0x7ff748d3600c+3a49c]
	chromedriver!GetHandleVerifier [0x7ff748d19634+1dac4]
	chromedriver!GetHandleVerifier [0x7ff748d197e6+1dc76]
	chromedriver!GetHandleVerifier [0x7ff748cfe2f7+2787]
	KERNEL32!BaseThreadInitThunk [0x7ff8208ae957+17]
	ntdll!RtlUserThreadStart [0x7ff82254427c+2c]
</msg>
<arg>${vTitle}</arg>
<doc>Clicks a link identified by ``locator``.</doc>
<status status="FAIL" start="2026-05-19T17:08:33.564495" elapsed="3.595920">ElementNotInteractableException: Message: element not interactable
  (Session info: chrome=148.0.7778.168); For documentation on this error, please visit: https://www.selenium.dev/documentation/webdriver/troubleshooting/errors#elementnotinteractableexception
Stacktrace:
	chromedriver!GetHandleVerifier [0x7ff748d10245+146d5]
	chromedriver!GetHandleVerifier [0x7ff748d102b0+14740]
	chromedriver!(No symbol) [0x7ff748a7d5b6]
	chromedriver!(No symbol) [0x7ff748ad81f4]
	chromedriver!(No symbol) [0x7ff748acb106]
	chromedriver!(No symbol) [0x7ff748afff6a]
	chromedriver!(No symbol) [0x7ff748aca986]
	chromedriver!(No symbol) [0x7ff748b24818]
	chromedriver!(No symbol) [0x7ff748ac9018]
	chromedriver!(No symbol) [0x7ff748ac9f03]
	chromedriver!GetHandleVerifier [0x7ff7490258f9+329d89]
	chromedriver!GetHandleVerifier [0x7ff74901fe46+3242d6]
	chromedriver!GetHandleVerifier [0x7ff7490430b2+347542]
	chromedriver!GetHandleVerifier [0x7ff748d2d3d5+31865]
	chromedriver!GetHandleVerifier [0x7ff748d3600c+3a49c]
	chromedriver!GetHandleVerifier [0x7ff748d19634+1dac4]
	chromedriver!GetHandleVerifier [0x7ff748d197e6+1dc76]
	chromedriver!GetHandleVerifier [0x7ff748cfe2f7+2787]
	KERNEL32!BaseThreadInitThunk [0x7ff8208ae957+17]
	ntdll!RtlUserThreadStart [0x7ff82254427c+2c]
</status>
</kw>
<kw name="Click Element" owner="SeleniumLibrary">
<arg>${link_DeleteAnnouncement}</arg>
<doc>Click the element identified by ``locator``.</doc>
<status status="NOT RUN" start="2026-05-19T17:08:37.172401" elapsed="0.002427"/>
</kw>
<kw name="Handle Alert" owner="SeleniumLibrary">
<doc>Handles the current alert and returns its message.</doc>
<status status="NOT RUN" start="2026-05-19T17:08:37.176475" elapsed="0.002057"/>
</kw>
<kw name="Wait Until Element Is Visible" owner="SeleniumLibrary">
<arg>${message_Success}</arg>
<arg>5s</arg>
<doc>Waits until the element ``locator`` is visible.</doc>
<status status="NOT RUN" start="2026-05-19T17:08:37.179997" elapsed="0.003096"/>
</kw>
<kw name="Element Text Should Be" owner="SeleniumLibrary">
<arg>${message_Success}</arg>
<arg>Suppression effectuée avec succès.</arg>
<doc>Verifies that element ``locator`` contains exact the text ``expected``.</doc>
<status status="NOT RUN" start="2026-05-19T17:08:37.185926" elapsed="0.001152"/>
</kw>
<arg>${vURL}</arg>
<arg>${vProject}</arg>
<arg>${vTitle}</arg>
<status status="FAIL" start="2026-05-19T17:08:30.462496" elapsed="6.726176">ElementNotInteractableException: Message: element not interactable
  (Session info: chrome=148.0.7778.168); For documentation on this error, please visit: https://www.selenium.dev/documentation/webdriver/troubleshooting/errors#elementnotinteractableexception
Stacktrace:
	chromedriver!GetHandleVerifier [0x7ff748d10245+146d5]
	chromedriver!GetHandleVerifier [0x7ff748d102b0+14740]
	chromedriver!(No symbol) [0x7ff748a7d5b6]
	chromedriver!(No symbol) [0x7ff748ad81f4]
	chromedriver!(No symbol) [0x7ff748acb106]
	chromedriver!(No symbol) [0x7ff748afff6a]
	chromedriver!(No symbol) [0x7ff748aca986]
	chromedriver!(No symbol) [0x7ff748b24818]
	chromedriver!(No symbol) [0x7ff748ac9018]
	chromedriver!(No symbol) [0x7ff748ac9f03]
	chromedriver!GetHandleVerifier [0x7ff7490258f9+329d89]
	chromedriver!GetHandleVerifier [0x7ff74901fe46+3242d6]
	chromedriver!GetHandleVerifier [0x7ff7490430b2+347542]
	chromedriver!GetHandleVerifier [0x7ff748d2d3d5+31865]
	chromedriver!GetHandleVerifier [0x7ff748d3600c+3a49c]
	chromedriver!GetHandleVerifier [0x7ff748d19634+1dac4]
	chromedriver!GetHandleVerifier [0x7ff748d197e6+1dc76]
	chromedriver!GetHandleVerifier [0x7ff748cfe2f7+2787]
	KERNEL32!BaseThreadInitThunk [0x7ff8208ae957+17]
	ntdll!RtlUserThreadStart [0x7ff82254427c+2c]
</status>
</kw>
<kw name="LogOut" owner="Keywords">
<status status="NOT RUN" start="2026-05-19T17:08:37.274633" elapsed="0.002122"/>
</kw>
<status status="FAIL" start="2026-05-19T17:08:00.580469" elapsed="36.714828">ElementNotInteractableException: Message: element not interactable
  (Session info: chrome=148.0.7778.168); For documentation on this error, please visit: https://www.selenium.dev/documentation/webdriver/troubleshooting/errors#elementnotinteractableexception
Stacktrace:
	chromedriver!GetHandleVerifier [0x7ff748d10245+146d5]
	chromedriver!GetHandleVerifier [0x7ff748d102b0+14740]
	chromedriver!(No symbol) [0x7ff748a7d5b6]
	chromedriver!(No symbol) [0x7ff748ad81f4]
	chromedriver!(No symbol) [0x7ff748acb106]
	chromedriver!(No symbol) [0x7ff748afff6a]
	chromedriver!(No symbol) [0x7ff748aca986]
	chromedriver!(No symbol) [0x7ff748b24818]
	chromedriver!(No symbol) [0x7ff748ac9018]
	chromedriver!(No symbol) [0x7ff748ac9f03]
	chromedriver!GetHandleVerifier [0x7ff7490258f9+329d89]
	chromedriver!GetHandleVerifier [0x7ff74901fe46+3242d6]
	chromedriver!GetHandleVerifier [0x7ff7490430b2+347542]
	chromedriver!GetHandleVerifier [0x7ff748d2d3d5+31865]
	chromedriver!GetHandleVerifier [0x7ff748d3600c+3a49c]
	chromedriver!GetHandleVerifier [0x7ff748d19634+1dac4]
	chromedriver!GetHandleVerifier [0x7ff748d197e6+1dc76]
	chromedriver!GetHandleVerifier [0x7ff748cfe2f7+2787]
	KERNEL32!BaseThreadInitThunk [0x7ff8208ae957+17]
	ntdll!RtlUserThreadStart [0x7ff82254427c+2c]
</status>
</test>
<doc>Script to test Create and Delete an Announcement in a project - Redmine</doc>
<status status="FAIL" start="2026-05-19T17:07:59.244712" elapsed="38.410900"/>
</suite>
<status status="FAIL" start="2026-05-19T17:07:59.224329" elapsed="38.794277"/>
</suite>
<status status="FAIL" start="2026-05-19T17:07:59.010776" elapsed="39.112676"/>
</suite>
<statistics>
<total>
<stat pass="0" fail="1" skip="0">All Tests</stat>
</total>
<tag>
</tag>
<suite>
<stat name="REDMINE TEST" id="s1" pass="0" fail="1" skip="0">REDMINE TEST</stat>
<stat name="Scripts" id="s1-s1" pass="0" fail="1" skip="0">REDMINE TEST.Scripts</stat>
<stat name="CreateDeleteAnnouncement" id="s1-s1-s1" pass="0" fail="1" skip="0">REDMINE TEST.Scripts.CreateDeleteAnnouncement</stat>
</suite>
</statistics>
<errors>
<msg time="2026-05-19T17:08:01.678622" level="WARN">The chromedriver version (147.0.7727.57) detected in PATH at C:\Program Files\Python314\Scripts\chromedriver.exe might not be compatible with the detected chrome version (148.0.7778.168); currently, chromedriver 148.0.7778.167 is recommended for chrome 148.*, so it is advised to delete the driver in PATH and retry</msg>
</errors>
</robot>
