<?xml version="1.0" encoding="UTF-8"?>
<robot generator="Robot 7.4.2 (Python 3.14.4 on win32)" generated="2026-05-19T16:25:59.439667" rpa="false" schemaversion="5">
<suite id="s1" name="REDMINE TEST" source="D:\Cours SQL\session 3\420-L14-BB TECHNIQUES D'AUTOMATISATION DE TESTS\REDMINE_TEST">
<suite id="s1-s1" name="Scripts" source="D:\Cours SQL\session 3\420-L14-BB TECHNIQUES D'AUTOMATISATION DE TESTS\REDMINE_TEST\Scripts">
<suite id="s1-s1-s1" name="CreerStatutDemande" source="D:\Cours SQL\session 3\420-L14-BB TECHNIQUES D'AUTOMATISATION DE TESTS\REDMINE_TEST\Scripts\CreerStatutDemande.robot">
<test id="s1-s1-s1-t1" name="Create Request Status" line="18">
<kw name="Login" owner="Keywords">
<kw name="Open Browser" owner="SeleniumLibrary">
<msg time="2026-05-19T16:26:00.591834" level="INFO">Opening browser 'Chrome' to base url 'http://localhost:8083/login'.</msg>
<msg time="2026-05-19T16:26:01.274820" level="WARN">The chromedriver version (147.0.7727.57) detected in PATH at C:\Program Files\Python314\Scripts\chromedriver.exe might not be compatible with the detected chrome version (148.0.7778.168); currently, chromedriver 148.0.7778.167 is recommended for chrome 148.*, so it is advised to delete the driver in PATH and retry</msg>
<arg>${vURL}/login</arg>
<arg>${vBrowser}</arg>
<doc>Opens a new browser instance to the optional ``url``.</doc>
<status status="PASS" start="2026-05-19T16:26:00.590266" elapsed="6.421377"/>
</kw>
<kw name="Maximize Browser Window" owner="SeleniumLibrary">
<doc>Maximizes current browser window.</doc>
<status status="PASS" start="2026-05-19T16:26:07.013366" elapsed="0.153061"/>
</kw>
<kw name="Input Text" owner="SeleniumLibrary">
<msg time="2026-05-19T16:26:07.176269" level="INFO">Typing text '6402910' into text field '//*[@id='username']'.</msg>
<arg>${input_Username}</arg>
<arg>${vUsername}</arg>
<doc>Types the given ``text`` into the text field identified by ``locator``.</doc>
<status status="PASS" start="2026-05-19T16:26:07.170978" elapsed="1.621424"/>
</kw>
<kw name="Input Text" owner="SeleniumLibrary">
<msg time="2026-05-19T16:26:08.796936" level="INFO">Typing text '6402910' into text field '//*[@id='password']'.</msg>
<arg>${input_Password}</arg>
<arg>${vPassword}</arg>
<doc>Types the given ``text`` into the text field identified by ``locator``.</doc>
<status status="PASS" start="2026-05-19T16:26:08.794201" elapsed="0.701066"/>
</kw>
<kw name="Click Element" owner="SeleniumLibrary">
<msg time="2026-05-19T16:26:09.498760" level="INFO">Clicking element '//*[@id='login-submit']'.</msg>
<arg>${input_Submit}</arg>
<doc>Click the element identified by ``locator``.</doc>
<status status="PASS" start="2026-05-19T16:26:09.496924" elapsed="1.317706"/>
</kw>
<kw name="Wait Until Page Contains" owner="SeleniumLibrary">
<arg>Ma page - Redmine</arg>
<arg>5s</arg>
<doc>Waits until ``text`` appears on the current page.</doc>
<status status="PASS" start="2026-05-19T16:26:10.816401" elapsed="0.105569"/>
</kw>
<kw name="Element Text Should Be" owner="SeleniumLibrary">
<msg time="2026-05-19T16:26:10.924727" level="INFO">Verifying element '//*[@id='loggedas']/a' contains exact text '6402910'.</msg>
<arg>${link_Username}</arg>
<arg>${vUsername}</arg>
<doc>Verifies that element ``locator`` contains exact the text ``expected``.</doc>
<status status="PASS" start="2026-05-19T16:26:10.922981" elapsed="0.110095"/>
</kw>
<arg>${vURL}</arg>
<arg>${vBrowser}</arg>
<arg>${vUsername}</arg>
<arg>${vPassword}</arg>
<status status="PASS" start="2026-05-19T16:26:00.583254" elapsed="10.451015"/>
</kw>
<kw name="CreateRequestStatus" owner="Keywords">
<kw name="Click Element" owner="SeleniumLibrary">
<msg time="2026-05-19T16:26:11.042363" level="INFO">Clicking element '//*[@id='top-menu']/ul/li[4]/a'.</msg>
<arg>${link_Administration}</arg>
<doc>Click the element identified by ``locator``.</doc>
<status status="PASS" start="2026-05-19T16:26:11.040414" elapsed="0.644410"/>
</kw>
<kw name="Title Should Be" owner="SeleniumLibrary">
<msg time="2026-05-19T16:26:11.729760" level="INFO">Page title is 'Administration - Redmine'.</msg>
<arg>Administration - Redmine</arg>
<doc>Verifies that the current page title equals ``title``.</doc>
<status status="PASS" start="2026-05-19T16:26:11.686703" elapsed="0.044724"/>
</kw>
<kw name="Click Element" owner="SeleniumLibrary">
<msg time="2026-05-19T16:26:11.738894" level="INFO">Clicking element '//*[@id='admin-menu']/ul/li[6]/a'.</msg>
<arg>${link_RequestStatus}</arg>
<doc>Click the element identified by ``locator``.</doc>
<status status="PASS" start="2026-05-19T16:26:11.732657" elapsed="1.389672"/>
</kw>
<kw name="Title Should Be" owner="SeleniumLibrary">
<msg time="2026-05-19T16:26:13.147035" level="INFO">Page title is 'Statuts de demandes - Redmine'.</msg>
<arg>Statuts de demandes - Redmine</arg>
<doc>Verifies that the current page title equals ``title``.</doc>
<status status="PASS" start="2026-05-19T16:26:13.123952" elapsed="0.024260"/>
</kw>
<kw name="Click Element" owner="SeleniumLibrary">
<msg time="2026-05-19T16:26:13.151880" level="INFO">Clicking element '//*[@id='content']/div[1]/a'.</msg>
<arg>${link_NewStatu}</arg>
<doc>Click the element identified by ``locator``.</doc>
<status status="PASS" start="2026-05-19T16:26:13.149061" elapsed="0.792374"/>
</kw>
<kw name="Title Should Be" owner="SeleniumLibrary">
<msg time="2026-05-19T16:26:13.973224" level="INFO">Page title is 'Nouveau statut - Statuts de demandes - Redmine'.</msg>
<arg>Nouveau statut - Statuts de demandes - Redmine</arg>
<doc>Verifies that the current page title equals ``title``.</doc>
<status status="PASS" start="2026-05-19T16:26:13.942861" elapsed="0.032758"/>
</kw>
<kw name="Input Text" owner="SeleniumLibrary">
<msg time="2026-05-19T16:26:13.979724" level="INFO">Typing text '6402910' into text field '//*[@id='issue_status_name']'.</msg>
<arg>${input_StatuName}</arg>
<arg>${vStatuName}</arg>
<doc>Types the given ``text`` into the text field identified by ``locator``.</doc>
<status status="PASS" start="2026-05-19T16:26:13.976993" elapsed="0.345013"/>
</kw>
<kw name="Input Text" owner="SeleniumLibrary">
<msg time="2026-05-19T16:26:14.325199" level="INFO">Typing text 'Examen intra' into text field '//*[@id='issue_status_description']'.</msg>
<arg>${input_DescriptionName}</arg>
<arg>${vDescriptionName}</arg>
<doc>Types the given ``text`` into the text field identified by ``locator``.</doc>
<status status="PASS" start="2026-05-19T16:26:14.323017" elapsed="0.388304"/>
</kw>
<kw name="Click Element" owner="SeleniumLibrary">
<msg time="2026-05-19T16:26:14.714887" level="INFO">Clicking element '//*[@id='new_issue_status']/input[3]'.</msg>
<arg>${input_CreateStatu}</arg>
<doc>Click the element identified by ``locator``.</doc>
<status status="PASS" start="2026-05-19T16:26:14.712937" elapsed="0.509946"/>
</kw>
<kw name="Wait Until Element Is Visible" owner="SeleniumLibrary">
<arg>${message_Success}</arg>
<arg>5s</arg>
<doc>Waits until the element ``locator`` is visible.</doc>
<status status="PASS" start="2026-05-19T16:26:15.224255" elapsed="0.441940"/>
</kw>
<kw name="Element Text Should Be" owner="SeleniumLibrary">
<msg time="2026-05-19T16:26:15.668924" level="INFO">Verifying element '//*[@id='flash_notice']' contains exact text 'Création effectuée avec succès.'.</msg>
<arg>${message_Success}</arg>
<arg>Création effectuée avec succès.</arg>
<doc>Verifies that element ``locator`` contains exact the text ``expected``.</doc>
<status status="PASS" start="2026-05-19T16:26:15.667151" elapsed="0.074963"/>
</kw>
<arg>${vStatuName}</arg>
<arg>${vDescriptionName}</arg>
<status status="PASS" start="2026-05-19T16:26:11.037177" elapsed="4.705750"/>
</kw>
<kw name="LogOut" owner="Keywords">
<kw name="Click Element" owner="SeleniumLibrary">
<msg time="2026-05-19T16:26:15.748696" level="INFO">Clicking element '//*[@id='account']/ul/li[2]/a'.</msg>
<arg>${link_Logout}</arg>
<doc>Click the element identified by ``locator``.</doc>
<status status="PASS" start="2026-05-19T16:26:15.746256" elapsed="0.345023"/>
</kw>
<kw name="Close Browser" owner="SeleniumLibrary">
<doc>Closes the current browser.</doc>
<status status="PASS" start="2026-05-19T16:26:16.092206" elapsed="3.097304"/>
</kw>
<status status="PASS" start="2026-05-19T16:26:15.744569" elapsed="3.446062"/>
</kw>
<status status="PASS" start="2026-05-19T16:26:00.546069" elapsed="18.645917"/>
</test>
<doc>script to test create a new request status - Redmine</doc>
<status status="PASS" start="2026-05-19T16:25:59.643157" elapsed="19.568002"/>
</suite>
<status status="PASS" start="2026-05-19T16:25:59.629036" elapsed="19.631145"/>
</suite>
<status status="PASS" start="2026-05-19T16:25:59.461165" elapsed="19.897714"/>
</suite>
<statistics>
<total>
<stat pass="1" fail="0" skip="0">All Tests</stat>
</total>
<tag>
</tag>
<suite>
<stat name="REDMINE TEST" id="s1" pass="1" fail="0" skip="0">REDMINE TEST</stat>
<stat name="Scripts" id="s1-s1" pass="1" fail="0" skip="0">REDMINE TEST.Scripts</stat>
<stat name="CreerStatutDemande" id="s1-s1-s1" pass="1" fail="0" skip="0">REDMINE TEST.Scripts.CreerStatutDemande</stat>
</suite>
</statistics>
<errors>
<msg time="2026-05-19T16:26:01.274820" level="WARN">The chromedriver version (147.0.7727.57) detected in PATH at C:\Program Files\Python314\Scripts\chromedriver.exe might not be compatible with the detected chrome version (148.0.7778.168); currently, chromedriver 148.0.7778.167 is recommended for chrome 148.*, so it is advised to delete the driver in PATH and retry</msg>
</errors>
</robot>
